<?xml version="1.0" encoding="UTF-8"?>
<!-- Generated by org.testng.reporters.JUnitReportReporter -->
<testsuite hostname="DESKTOP-B7ML8PG" failures="0" tests="6" name="com.Ecommerce.TestScripts.InValidLoginTest" time="14.980" errors="0" timestamp="2025-04-05T16:10:38 IST" skipped="0">
  <testcase classname="com.Ecommerce.TestScripts.InValidLoginTest" name="invalidLogin" time="3.093"/>
  <testcase classname="com.Ecommerce.TestScripts.InValidLoginTest" name="invalidLogin" time="2.306"/>
  <testcase classname="com.Ecommerce.TestScripts.InValidLoginTest" name="invalidLogin" time="1.946"/>
  <testcase classname="com.Ecommerce.TestScripts.InValidLoginTest" name="invalidLogin" time="2.411"/>
  <testcase classname="com.Ecommerce.TestScripts.InValidLoginTest" name="invalidLogin" time="2.908"/>
  <testcase classname="com.Ecommerce.TestScripts.InValidLoginTest" name="invalidLogin" time="2.316"/>
  <system-out>
    <![CDATA[==server connected sucessfully==
==database connected sucessfully==
==closed browser suceessfully==
==database closed sucessfully==
==server closed sucessfully==]]>
  </system-out>
</testsuite> <!-- com.Ecommerce.TestScripts.InValidLoginTest -->
