<?xml version="1.0" encoding="UTF-8"?>
<!-- Generated by org.testng.reporters.JUnitReportReporter -->
<testsuite hostname="DESKTOP-B7ML8PG" failures="0" tests="1" name="com.Ecommerce.TestScripts.RegisterTest" time="9.960" errors="0" timestamp="2025-04-05T16:06:55 IST" skipped="0">
  <testcase classname="com.Ecommerce.TestScripts.RegisterTest" name="register" time="9.960"/>
  <system-out>
    <![CDATA[==server connected sucessfully==
==database connected sucessfully==
==closed browser suceessfully==
==closed browser suceessfully==
==closed browser suceessfully==
==database closed sucessfully==
==server closed sucessfully==]]>
  </system-out>
</testsuite> <!-- com.Ecommerce.TestScripts.RegisterTest -->
