<?xml version="1.0" encoding="UTF-8"?>
<!-- Generated by org.testng.reporters.JUnitReportReporter -->
<testsuite hostname="DESKTOP-B7ML8PG" failures="0" tests="1" name="com.Ecommerce.TestScripts.LoginTest" time="2.364" errors="0" timestamp="2025-04-04T14:57:30 IST" skipped="0">
  <testcase classname="com.Ecommerce.TestScripts.LoginTest" name="login" time="2.364"/>
  <system-out>
    <![CDATA[==server connected sucessfully==
==database connected sucessfully==
==closed browser suceessfully==
==closed browser suceessfully==
==database closed sucessfully==
==server closed sucessfully==]]>
  </system-out>
</testsuite> <!-- com.Ecommerce.TestScripts.LoginTest -->
