<?xml version="1.0" encoding="UTF-8"?>
<!-- Generated by org.testng.reporters.JUnitReportReporter -->
<testsuite hostname="DESKTOP-B7ML8PG" failures="0" tests="3" name="com.Ecommerce.TestScripts.RegisterTest" time="33.935" errors="0" timestamp="2025-04-04T15:09:25 IST" skipped="0">
  <testcase classname="com.Ecommerce.TestScripts.RegisterTest" name="register" time="10.746"/>
  <testcase classname="com.Ecommerce.TestScripts.RegisterTest" name="register" time="8.051"/>
  <testcase classname="com.Ecommerce.TestScripts.RegisterTest" name="register" time="15.138"/>
  <system-out>
    <![CDATA[==server connected sucessfully==
==database connected sucessfully==
==database connected sucessfully==
==database connected sucessfully==
==closed browser suceessfully==
==database closed sucessfully==
==closed browser suceessfully==
==database closed sucessfully==
==closed browser suceessfully==
==database closed sucessfully==
==server closed sucessfully==]]>
  </system-out>
</testsuite> <!-- com.Ecommerce.TestScripts.RegisterTest -->
